  Source.cpp
C:\Users\tomll\OneDrive\Desktop\Pathfinding\Pathfinding\Pathfinding\Graph.h(96,30): warning C4018: '<': signed/unsigned mismatch
C:\Users\tomll\OneDrive\Desktop\Pathfinding\Pathfinding\Pathfinding\Graph.h(95): message : while compiling class template member function 'Graph<NodeData,int>::~Graph(void)'
C:\Users\tomll\OneDrive\Desktop\Pathfinding\Pathfinding\Pathfinding\Source.cpp(57): message : see reference to function template instantiation 'Graph<NodeData,int>::~Graph(void)' being compiled
C:\Users\tomll\OneDrive\Desktop\Pathfinding\Pathfinding\Pathfinding\Source.cpp(57): message : see reference to class template instantiation 'Graph<NodeData,int>' being compiled
C:\Users\tomll\OneDrive\Desktop\Pathfinding\Pathfinding\Pathfinding\Graph.h(370,26): warning C4244: '=': conversion from 'double' to 'int', possible loss of data
C:\Users\tomll\OneDrive\Desktop\Pathfinding\Pathfinding\Pathfinding\Graph.h(362): message : while compiling class template member function 'void Graph<NodeData,int>::aStar(GraphNode<NodeData,int> *,GraphNode<NodeData,int> *,std::function<void (GraphNode<NodeData,int> *)>,std::vector<GraphNode<NodeData,int> *,std::allocator<_Ty>> &)'
C:\Users\tomll\OneDrive\Desktop\Pathfinding\Pathfinding\Pathfinding\Graph.h(362): message :         with
C:\Users\tomll\OneDrive\Desktop\Pathfinding\Pathfinding\Pathfinding\Graph.h(362): message :         [
C:\Users\tomll\OneDrive\Desktop\Pathfinding\Pathfinding\Pathfinding\Graph.h(362): message :             _Ty=GraphNode<NodeData,int> *
C:\Users\tomll\OneDrive\Desktop\Pathfinding\Pathfinding\Pathfinding\Graph.h(362): message :         ]
C:\Users\tomll\OneDrive\Desktop\Pathfinding\Pathfinding\Pathfinding\Source.cpp(113): message : see reference to function template instantiation 'void Graph<NodeData,int>::aStar(GraphNode<NodeData,int> *,GraphNode<NodeData,int> *,std::function<void (GraphNode<NodeData,int> *)>,std::vector<GraphNode<NodeData,int> *,std::allocator<_Ty>> &)' being compiled
C:\Users\tomll\OneDrive\Desktop\Pathfinding\Pathfinding\Pathfinding\Source.cpp(113): message :         with
C:\Users\tomll\OneDrive\Desktop\Pathfinding\Pathfinding\Pathfinding\Source.cpp(113): message :         [
C:\Users\tomll\OneDrive\Desktop\Pathfinding\Pathfinding\Pathfinding\Source.cpp(113): message :             _Ty=GraphNode<NodeData,int> *
C:\Users\tomll\OneDrive\Desktop\Pathfinding\Pathfinding\Pathfinding\Source.cpp(113): message :         ]
C:\Users\tomll\OneDrive\Desktop\Pathfinding\Pathfinding\Pathfinding\Graph.h(404,20): warning C4244: 'initializing': conversion from 'ArcType' to 'float', possible loss of data
C:\Users\tomll\OneDrive\Desktop\Pathfinding\Pathfinding\Pathfinding\Graph.h(404,20): warning C4244:         with
C:\Users\tomll\OneDrive\Desktop\Pathfinding\Pathfinding\Pathfinding\Graph.h(404,20): warning C4244:         [
C:\Users\tomll\OneDrive\Desktop\Pathfinding\Pathfinding\Pathfinding\Graph.h(404,20): warning C4244:             ArcType=int
C:\Users\tomll\OneDrive\Desktop\Pathfinding\Pathfinding\Pathfinding\Graph.h(404,20): warning C4244:         ]
C:\Users\tomll\OneDrive\Desktop\Pathfinding\Pathfinding\Pathfinding\Graph.h(407,35): warning C4244: '=': conversion from 'float' to 'int', possible loss of data
  Pathfinding.vcxproj -> C:\Users\tomll\OneDrive\Desktop\Pathfinding\Pathfinding\Debug\Pathfinding.exe
